<?php $log = array (
  0 => 'da_AEdelgas.txt',
  1 => 'da_Biologi.txt',
  2 => 'da_Bog.txt',
  3 => 'da_Fotografi.txt',
  4 => 'da_Ild.txt',
  5 => 'da_Islands Brygge.txt',
  6 => 'da_Kommunalreformer i Sverige.txt',
  7 => 'da_Maonen.txt',
  8 => 'da_Musik.txt',
  9 => 'da_Oestersund.txt',
  10 => 'da_Soe.txt',
  11 => 'da_Spejl.txt',
  12 => 'da_Stat.txt',
  13 => 'da_Sygdom.txt',
  14 => 'da_Trae.txt',
  15 => 'de_Australien.txt',
  16 => 'de_Buch.txt',
  17 => 'de_Bundesrat Schweiz.txt',
  18 => 'de_Demokratie.txt',
  19 => 'de_Eichhornchen.txt',
  20 => 'de_Fotografie.txt',
  21 => 'de_Gesellschaft soziologie.txt',
  22 => 'de_Haus.txt',
  23 => 'de_Helligkeit.txt',
  24 => 'de_Licht.txt',
  25 => 'de_Mensch.txt',
  26 => 'de_Milch.txt',
  27 => 'de_Netzwerk.txt',
  28 => 'de_Pyramide.txt',
  29 => 'de_Saeugetiere.txt',
  30 => 'de_Schiff.txt',
  31 => 'de_Sonne.txt',
  32 => 'de_Stein und Wandernde Felsen.txt',
  33 => 'de_Tabak.txt',
  34 => 'de_Time.txt',
  35 => 'de_Wahrnehmung.txt',
  36 => 'de_Wissen.txt',
  37 => 'de_Zeit.txt',
  38 => 'de_Zufall.txt',
  39 => 'de_Zug.txt',
  40 => 'en_Automobile.txt',
  41 => 'en_Biology.txt',
  42 => 'en_Book.txt',
  43 => 'en_City.txt',
  44 => 'en_Coincidence.txt',
  45 => 'en_Disease.txt',
  46 => 'en_Finance.txt',
  47 => 'en_Fire.txt',
  48 => 'en_Game.txt',
  49 => 'en_Giovanni Villani.txt',
  50 => 'en_House.txt',
  51 => 'en_Human.txt',
  52 => 'en_Illness.txt',
  53 => 'en_Light.txt',
  54 => 'en_Measurement.txt',
  55 => 'en_Milk.txt',
  56 => 'en_Natural Language.txt',
  57 => 'en_Prison.txt',
  58 => 'en_Ship.txt',
  59 => 'en_Space.txt',
  60 => 'en_Squirrel.txt',
  61 => 'en_Sun.txt',
  62 => 'en_Tower of Babel.txt',
  63 => 'en_Train.txt',
  64 => 'en_tree.txt',
  65 => 'en_Violin.txt',
  66 => 'en_Volcano.txt',
  67 => 'en_War.txt',
  68 => 'es_Arbol.txt',
  69 => 'es_Calle.txt',
  70 => 'es_Ciudad.txt',
  71 => 'es_Communicacion.txt',
  72 => 'es_Ferrocarril.txt',
  73 => 'es_Fotografia.txt',
  74 => 'es_Fuego.txt',
  75 => 'es_Gato.txt',
  76 => 'es_Hudson Lowe.txt',
  77 => 'es_Leche.txt',
  78 => 'es_Libro.txt',
  79 => 'es_Luz.txt',
  80 => 'es_Manzana.txt',
  81 => 'es_Mesa.txt',
  82 => 'es_Periodico.txt',
  83 => 'es_Piel.txt',
  84 => 'es_Policia.txt',
  85 => 'es_Prison.txt',
  86 => 'es_Tren.txt',
  87 => 'fi_Jaakariliike.txt',
  88 => 'fi_Juha Vainio.txt',
  89 => 'fi_Karuselli.txt',
  90 => 'fi_Katolisen kirkon historia.txt',
  91 => 'fi_Kirja_Kirjasto.txt',
  92 => 'fi_Kultuuri.txt',
  93 => 'fi_Metafysiikka (Aristoteles).txt',
  94 => 'fi_Sammakkoelaimet.txt',
  95 => 'fi_Suomen kielipolitiikka.txt',
  96 => 'fi_Turkkilainen.txt',
  97 => 'fr_Arbre.txt',
  98 => 'fr_Banque.txt',
  99 => 'fr_Biologie.txt',
  100 => 'fr_Cathedrale.txt',
  101 => 'fr_Cheval.txt',
  102 => 'fr_Ecureuil.txt',
  103 => 'fr_Environnement.txt',
  104 => 'fr_France.txt',
  105 => 'fr_Journal.txt',
  106 => 'fr_Langage naturel.txt',
  107 => 'fr_Livre de bord.txt',
  108 => 'fr_Lumiere.txt',
  109 => 'fr_Macon et menuisier.txt',
  110 => 'fr_Maison.txt',
  111 => 'fr_Medecine.txt',
  112 => 'fr_Musique.txt',
  113 => 'fr_Ordinateur.txt',
  114 => 'fr_Pain.txt',
  115 => 'fr_Piano.txt',
  116 => 'fr_Police.txt',
  117 => 'fr_Poumon.txt',
  118 => 'fr_Soleil.txt',
  119 => 'fr_Tabac.txt',
  120 => 'fr_Table.txt',
  121 => 'fr_Train.txt',
  122 => 'fr_Ville.txt',
  123 => 'is_Al.txt',
  124 => 'is_Faereyjar.txt',
  125 => 'is_Fiskur.txt',
  126 => 'is_Hafskip hf.txt',
  127 => 'is_Karahnjukavirkjun.txt',
  128 => 'is_Kartafla.txt',
  129 => 'is_Malawi.txt',
  130 => 'is_Obo.txt',
  131 => 'is_Romaveldi.txt',
  132 => 'is_Salfraethi.txt',
  133 => 'is_Sannleikur.txt',
  134 => 'is_Shogi.txt',
  135 => 'is_Urvalsgrein.txt',
  136 => 'it_Aeroporto.txt',
  137 => 'it_Albero.txt',
  138 => 'it_Casa.txt',
  139 => 'it_Castello.txt',
  140 => 'it_Conoscenza.txt',
  141 => 'it_Foresta.txt',
  142 => 'it_Fuoco.txt',
  143 => 'it_Gioco.txt',
  144 => 'it_Lago.txt',
  145 => 'it_Malattia.txt',
  146 => 'it_Muscolo.txt',
  147 => 'it_Musica.txt',
  148 => 'it_Nutrizione.txt',
  149 => 'it_Pelle.txt',
  150 => 'it_Societa.txt',
  151 => 'it_Tavolo_e_materasso.txt',
  152 => 'it_Tempo.txt',
  153 => 'it_Uomo.txt',
  154 => 'nl_Betekenis.txt',
  155 => 'nl_Boek.txt',
  156 => 'nl_Boom.txt',
  157 => 'nl_Broek.txt',
  158 => 'nl_Engels.txt',
  159 => 'nl_Geld.txt',
  160 => 'nl_Gulden Vlies van Thule.txt',
  161 => 'nl_Huis.txt',
  162 => 'nl_Huwelijk.txt',
  163 => 'nl_Kat.txt',
  164 => 'nl_Lucht.txt',
  165 => 'nl_Maatschappij.txt',
  166 => 'nl_Mens.txt',
  167 => 'nl_Mier.txt',
  168 => 'nl_Muziek.txt',
  169 => 'nl_oorlog.txt',
  170 => 'nl_Poezie.txt',
  171 => 'nl_Runderpest.txt',
  172 => 'nl_Spier.txt',
  173 => 'nl_Tijdschrift.txt',
  174 => 'nl_Trein.txt',
  175 => 'nl_Universiteit.txt',
  176 => 'nl_Vuur.txt',
  177 => 'nl_Wolk.txt',
  178 => 'nl_Zee.txt',
  179 => 'nl_Zon.txt',
  180 => 'nl_Zwaartekracht.txt',
  181 => 'nob_Akkadisk.txt',
  182 => 'nob_Backgammon.txt',
  183 => 'nob_Bakterier.txt',
  184 => 'nob_Bartraer.txt',
  185 => 'nob_Betong.txt',
  186 => 'nob_Bok.txt',
  187 => 'nob_Carl von Linne.txt',
  188 => 'nob_Dansen gjenom skuggeheimen.txt',
  189 => 'nob_Den danske kirke.txt',
  190 => 'nob_Fjell.txt',
  191 => 'nob_Forfatter.txt',
  192 => 'nob_Hvaler.txt',
  193 => 'nob_Kaffe.txt',
  194 => 'nob_Motorhead.txt',
  195 => 'nob_Orden (utmerkelse).txt',
  196 => 'nob_Rode Kors.txt',
  197 => 'nob_Slaget ved Ilipa.txt',
  198 => 'nob_Snougle.txt',
  199 => 'nob_Spedalskhet.txt',
  200 => 'nob_Tre.txt',
  201 => 'pt_Aeroporto.txt',
  202 => 'pt_Arvore.txt',
  203 => 'pt_Casa.txt',
  204 => 'pt_Castelo.txt',
  205 => 'pt_Conhecimento.txt',
  206 => 'pt_Doenca.txt',
  207 => 'pt_Floresta.txt',
  208 => 'pt_Fogo.txt',
  209 => 'pt_Homo Sapiens.txt',
  210 => 'pt_Jogo.txt',
  211 => 'pt_Lago.txt',
  212 => 'pt_Mesa_and_colchao.txt',
  213 => 'pt_Musculo.txt',
  214 => 'pt_Musica.txt',
  215 => 'pt_Nutricao.txt',
  216 => 'pt_Pele.txt',
  217 => 'pt_Sociedade.txt',
  218 => 'pt_Tempo.txt',
  219 => 'sv_Biologi.txt',
  220 => 'sv_Bok.txt',
  221 => 'sv_Eld.txt',
  222 => 'sv_Engelsk grammatik.txt',
  223 => 'sv_Faoglar.txt',
  224 => 'sv_Fotografi.txt',
  225 => 'sv_Insjoe.txt',
  226 => 'sv_Islands Brygge.txt',
  227 => 'sv_Kommunreformer i Sverige.txt',
  228 => 'sv_Maonen.txt',
  229 => 'sv_Musik.txt',
  230 => 'sv_Sjukdom.txt',
  231 => 'sv_Spegel.txt',
  232 => 'sv_Stat.txt',
  233 => 'sv_Traed.txt',
  234 => 'tr_Gunes Sistemi.txt',
  235 => 'tr_Hidroklorik_asit.txt',
  236 => 'tr_Islam.txt',
  237 => 'tr_Kondensator.txt',
  238 => 'tr_Otomobilin tarihi.txt',
  239 => 'tr_Parapsikoloji.txt',
  240 => 'tr_Sait Faik Abasiyanik.txt',
  241 => 'tr_Tengricilik.txt',
  242 => 'tr_Agac.txt',
  243 => 'tr_Isik.txt',
  244 => 'tr_Kitap.txt',
  245 => 'tr_Merhamet.txt',
  246 => 'tr_Tepehan Divrigi.txt',
  247 => 'sq_Energjia.txt',
  248 => 'sq_Feja.txt',
  249 => 'sq_Fizika.txt',
  250 => 'sq_Inxhinieri Programesh.txt',
  251 => 'sq_Libri.txt',
  252 => 'sq_Mergata shqiptare.txt',
  253 => 'sq_Muzika Arti Letersia.txt',
  254 => 'sq_News.txt',
  255 => 'sq_Psikologjia.txt',
  256 => 'sq_Shqiperia.txt',
  257 => 'sq_Zjarri.txt',
  258 => 'sq_Ligji.txt',
  259 => 'cs_Bible Melantrichova.txt',
  260 => 'cs_Brneke hradby.txt',
  261 => 'cs_Esejci.txt',
  262 => 'cs_Immanuel Kant.txt',
  263 => 'cs_Kreditni Karta.txt',
  264 => 'cs_Mezinarodni vesmirna stanice.txt',
  265 => 'cs_New York.txt',
  266 => 'cs_Pankracka sekyrana.txt',
  267 => 'cs_Planetarni mlhovina.txt',
  268 => 'cs_Pruduch.txt',
  269 => 'cs_Sopecne plyny.txt',
  270 => 'sk_Bridz.txt',
  271 => 'sk_Cierna diera.txt',
  272 => 'sk_Eukaryoty.txt',
  273 => 'sk_Havaria raketoplanu Columbia.txt',
  274 => 'sk_Kniha.txt',
  275 => 'sk_Kremik.txt',
  276 => 'sk_Londnynske Metro.txt',
  277 => 'sk_Ohen.txt',
  278 => 'sk_Rychlost svetla.txt',
  279 => 'sk_Usadena hornina.txt',
  280 => 'hu_Alkonyat-sorozat.txt',
  281 => 'hu_Az Ezeregyejszaka mesei.txt',
  282 => 'hu_Barna toerpe.txt',
  283 => 'hu_Demokritosz.txt',
  284 => 'hu_Erzsebet korut.txt',
  285 => 'hu_Fantermo szegfugombacska.txt',
  286 => 'hu_Hegedue.txt',
  287 => 'hu_Konyv.txt',
  288 => 'hu_Oulu.txt',
  289 => 'hu_Penzverdek a romai.txt',
  290 => 'hu_tea.txt',
  291 => 'hu_Technologiai szingularitas.txt',
  292 => 'hu_Tuez.txt',
  293 => 'lt_Absentas.txt',
  294 => 'lt_Autizmas.txt',
  295 => 'lt_Dzeusas.txt',
  296 => 'lt_Golfas.txt',
  297 => 'lt_Karolis Didysis.txt',
  298 => 'lt_Karsto oro balionas.txt',
  299 => 'lt_Kryziaus zygiai.txt',
  300 => 'lt_Nevezis.txt',
  301 => 'lt_Pauksciai.txt',
  302 => 'lt_Utilitarizmas.txt',
  303 => 'hr_Babel.txt',
  304 => 'hr_Deset malih crnaca.txt',
  305 => 'hr_Dobri dupin.txt',
  306 => 'hr_Filozofija.txt',
  307 => 'hr_Hrvatska povijest.txt',
  308 => 'hr_Indijanci.txt',
  309 => 'hr_Jaslice.txt',
  310 => 'hr_Knjiga.txt',
  311 => 'hr_Kosarka.txt',
  312 => 'hr_Med.txt',
  313 => 'hr_Tenk.txt',
  314 => 'pl_Artyleria okretowa.txt',
  315 => 'pl_Bieg na orientacje.txt',
  316 => 'pl_Definicja.txt',
  317 => 'pl_dysonans poznawczy.txt',
  318 => 'pl_Efekty zewnetrzne.txt',
  319 => 'pl_Mieszko I.txt',
  320 => 'pl_Synagoga pod Bialym Bocianem we Wroclawiu.txt',
  321 => 'pl_Tecza.txt',
  322 => 'pl_Vader.txt',
  323 => 'pl_Zwierzeta uzytkowe.txt',
  324 => 'he_dgl yshral.txt',
  325 => 'he_gayus mryus.txt',
  326 => 'he_hhssdrus hkhllys shl heubdym bartss yshral.txt',
  327 => 'he_humusksualyus.txt',
  328 => 'he_shmurus hpndh henk bstsuann.txt',
  329 => 'he_tsmtsum (hlkhh).txt',
  330 => 'he_pul kyynn.txt',
  331 => 'yi_amysh.txt',
  332 => 'yi_ann-star.txt',
  333 => 'yi_aybungenn.txt',
  334 => 'yi_bankratyrung.txt',
  335 => 'yi_kamunyzm.txt',
  336 => 'yi_parayynygte kenygryykh.txt',
  337 => 'yi_ryykhernn.txt',
  338 => 'ru_anna andyerson.txt',
  339 => 'ru_banan.txt',
  340 => 'ru_dyelo byejlisa.txt',
  341 => 'ru_etnogyenyez armyan.txt',
  342 => 'ru_glazgo.txt',
  343 => 'ru_kipu.txt',
  344 => 'ru_litshnostw pryestupnika.txt',
  345 => 'ru_planyerizm.txt',
  346 => 'ru_pogovori s nyej.txt',
  347 => 'ru_rukopisw vojnitsha.txt',
  348 => 'ru_sharlw dye gollw.txt',
  349 => 'ru_simvol rublya.txt',
  350 => 'ru_tigr.txt',
  351 => 'ru_tyerra nova (ekspyediziya).txt',
  352 => 'ru_urartu.txt',
  353 => 'uk_ajrton senna.txt',
  354 => 'uk_bakterii.txt',
  355 => 'uk_buttya.txt',
  356 => 'uk_hanh.txt',
  357 => 'uk_istoriya grenlandii.txt',
  358 => 'uk_istoriya livanu.txt',
  359 => 'uk_kimono.txt',
  360 => 'uk_lwvivswkij_tramvaj.txt',
  361 => 'uk_matshtet hrihorij oleksandrovitsh.txt',
  362 => 'uk_nazionalwnij park josemiti.txt',
  363 => 'uk_vidwma.txt',
  364 => 'uk_vilwhelwm habsburh.txt',
  365 => 'uk_yevrotunelw.txt',
  366 => 'bg_alyeksandyr suvorov.txt',
  367 => 'bg_dzhim torp.txt',
  368 => 'bg_glagoliza.txt',
  369 => 'bg_gyepard.txt',
  370 => 'bg_kolizyej.txt',
  371 => 'bg_majn rid.txt',
  372 => 'bg_orion (kosmitshyeski korab).txt',
  373 => 'bg_otshki.txt',
  374 => 'bg_smyax.txt',
  375 => 'bg_svyeti joan krystityel (valyeta).txt',
  376 => 'bg_tramvaj.txt',
  377 => 'bg_tshad.txt',
  378 => 'bg_zamyk.txt',
  379 => 'bg_zyemya.txt',
  380 => 'ar_Afonso de Albuquerque.txt',
  381 => 'ar_Arabian language.txt',
  382 => 'ar_Artemis.txt',
  383 => 'ar_Asiatic lion.txt',
  384 => 'ar_Battle of Jahra.txt',
  385 => 'ar_Faten Hamana.txt',
  386 => 'ar_Helicopter.txt',
  387 => 'ar_Libanon.txt',
  388 => 'ar_Loch Ness.txt',
  389 => 'ar_Lord Voldemort.txt',
  390 => 'ar_Medina.txt',
  391 => 'ar_Mormon.txt',
  392 => 'ar_Nelly Furtado.txt',
  393 => 'ar_Preussen.txt',
  394 => 'ar_Raney nickel.txt',
  395 => 'ar_Real Madrid.txt',
  396 => 'ar_Unknown.txt',
  397 => 'fa_Aermenian massacre.txt',
  398 => 'fa_Anna Andrejewna Achmatowa.txt',
  399 => 'fa_Atomkraftwerk.txt',
  400 => 'fa_Bahar Azadi Coin.txt',
  401 => 'fa_Buraq.txt',
  402 => 'fa_Damavand.txt',
  403 => 'fa_Devil May Cry 4.txt',
  404 => 'fa_Francium.txt',
  405 => 'fa_Lion and the Sun.txt',
  406 => 'fa_Medical Physics.txt',
  407 => 'fa_Nouruz.txt',
  408 => 'fa_Phoenix spacecraft.txt',
  409 => 'fa_Sadeq Hedayat.txt',
  410 => 'fa_Tabriz.txt',
  411 => 'fa_The Cycle.txt',
); ?>